2024-06-13 22:10:15.1539|0|WARN|Microsoft.WebTools.BrowserLink.Net.BrowserLinkMiddleware|Unable to configure Browser Link script injection on the response.  |url: https://localhost/Home/Privacy|action: Privacy|Microsoft.WebTools.BrowserLink.Net.BrowserLinkMiddleware.InvokeAsync
2024-06-13 22:10:51.0445|0|WARN|Microsoft.WebTools.BrowserLink.Net.BrowserLinkMiddleware|Unable to configure Browser Link script injection on the response.  |url: https://localhost/Home/Privacy|action: Privacy|Microsoft.WebTools.BrowserLink.Net.BrowserLinkMiddleware.InvokeAsync
2024-06-13 22:10:59.6912|0|INFO|TimeTravelAgency.Service.Implementations.AccountService|Мы перешли в метод Login |url: https://localhost/Account/Login|action: Login|TimeTravelAgency.Service.Implementations.AccountService.Login
2024-06-13 22:10:59.8338|0|INFO|TimeTravelAgency.Service.Implementations.AccountService|Успешная аутентификация пользователя: admin |url: https://localhost/Account/Login|action: Login|TimeTravelAgency.Service.Implementations.AccountService.Login
2024-06-13 22:14:39.4504|0|WARN|Microsoft.WebTools.BrowserLink.Net.BrowserLinkMiddleware|Unable to configure Browser Link script injection on the response.  |url: https://localhost/Home/Privacy|action: Privacy|Microsoft.WebTools.BrowserLink.Net.BrowserLinkMiddleware.InvokeAsync
2024-06-13 22:15:42.9975|0|WARN|Microsoft.WebTools.BrowserLink.Net.BrowserLinkMiddleware|Unable to configure Browser Link script injection on the response.  |url: https://localhost/Home/Privacy|action: Privacy|Microsoft.WebTools.BrowserLink.Net.BrowserLinkMiddleware.InvokeAsync
2024-06-13 22:16:02.2208|0|WARN|Microsoft.WebTools.BrowserLink.Net.BrowserLinkMiddleware|Unable to configure Browser Link script injection on the response.  |url: https://localhost/Home/Privacy|action: Privacy|Microsoft.WebTools.BrowserLink.Net.BrowserLinkMiddleware.InvokeAsync
2024-06-13 22:16:40.4825|0|INFO|TimeTravelAgency.Service.Implementations.AccountService|Мы перешли в метод Login |url: https://localhost/Account/Login|action: Login|TimeTravelAgency.Service.Implementations.AccountService.Login
2024-06-13 22:16:40.5130|0|INFO|TimeTravelAgency.Service.Implementations.AccountService|Введен неверный пароль или логин |url: https://localhost/Account/Login|action: Login|TimeTravelAgency.Service.Implementations.AccountService.Login
2024-06-13 22:16:48.0141|0|INFO|TimeTravelAgency.Service.Implementations.AccountService|Мы перешли в метод Login |url: https://localhost/Account/Login|action: Login|TimeTravelAgency.Service.Implementations.AccountService.Login
2024-06-13 22:16:48.0289|0|INFO|TimeTravelAgency.Service.Implementations.AccountService|Успешная аутентификация пользователя: admin |url: https://localhost/Account/Login|action: Login|TimeTravelAgency.Service.Implementations.AccountService.Login
2024-06-13 22:19:49.6853|0|WARN|Microsoft.WebTools.BrowserLink.Net.BrowserLinkMiddleware|Unable to configure Browser Link script injection on the response.  |url: https://localhost/Home/Privacy|action: Privacy|Microsoft.WebTools.BrowserLink.Net.BrowserLinkMiddleware.InvokeAsync
2024-06-13 22:20:38.3416|0|INFO|TimeTravelAgency.Service.Implementations.AccountService|Мы перешли в метод Login |url: https://localhost/Account/Login|action: Login|TimeTravelAgency.Service.Implementations.AccountService.Login
2024-06-13 22:20:38.3416|0|INFO|TimeTravelAgency.Service.Implementations.AccountService|Успешная аутентификация пользователя: admin |url: https://localhost/Account/Login|action: Login|TimeTravelAgency.Service.Implementations.AccountService.Login
2024-06-13 22:26:18.5655|0|INFO|TimeTravelAgency.Service.Implementations.AccountService|Мы перешли в метод Login |url: https://localhost/Account/Login|action: Login|TimeTravelAgency.Service.Implementations.AccountService.Login
2024-06-13 22:26:18.8902|0|INFO|TimeTravelAgency.Service.Implementations.AccountService|Успешная аутентификация пользователя: admin |url: https://localhost/Account/Login|action: Login|TimeTravelAgency.Service.Implementations.AccountService.Login
2024-06-13 22:26:32.2650|0|WARN|Microsoft.WebTools.BrowserLink.Net.BrowserLinkMiddleware|Unable to configure Browser Link script injection on the response.  |url: https://localhost/Tour/UpdateTour/1|action: UpdateTour|Microsoft.WebTools.BrowserLink.Net.BrowserLinkMiddleware.InvokeAsync
2024-06-13 22:41:03.2805|0|INFO|TimeTravelAgency.Service.Implementations.AccountService|Мы перешли в метод Login |url: https://localhost/Account/Login|action: Login|TimeTravelAgency.Service.Implementations.AccountService.Login
2024-06-13 22:41:03.3723|0|INFO|TimeTravelAgency.Service.Implementations.AccountService|Успешная аутентификация пользователя: admin |url: https://localhost/Account/Login|action: Login|TimeTravelAgency.Service.Implementations.AccountService.Login
2024-06-13 22:42:07.8719|0|INFO|TimeTravelAgency.Service.Implementations.AccountService|Мы перешли в метод Login |url: https://localhost/Account/Login|action: Login|TimeTravelAgency.Service.Implementations.AccountService.Login
2024-06-13 22:42:07.8719|0|INFO|TimeTravelAgency.Service.Implementations.AccountService|Успешная аутентификация пользователя: user |url: https://localhost/Account/Login|action: Login|TimeTravelAgency.Service.Implementations.AccountService.Login
2024-06-13 22:44:52.7022|0|INFO|TimeTravelAgency.Service.Implementations.AccountService|Мы перешли в метод Login |url: https://localhost/Account/Login|action: Login|TimeTravelAgency.Service.Implementations.AccountService.Login
2024-06-13 22:44:52.7200|0|INFO|TimeTravelAgency.Service.Implementations.AccountService|Успешная аутентификация пользователя: admin |url: https://localhost/Account/Login|action: Login|TimeTravelAgency.Service.Implementations.AccountService.Login
2024-06-13 22:45:07.9921|0|WARN|Microsoft.WebTools.BrowserLink.Net.BrowserLinkMiddleware|Unable to configure Browser Link script injection on the response.  |url: https://localhost/Tour/UpdateTour/1|action: UpdateTour|Microsoft.WebTools.BrowserLink.Net.BrowserLinkMiddleware.InvokeAsync
2024-06-13 22:46:50.3757|0|INFO|TimeTravelAgency.Service.Implementations.TourService|Мы перешли в метод CreateTour |url: https://localhost/Tour/CreateTour|action: CreateTour|TimeTravelAgency.Service.Implementations.TourService.CreateTour
2024-06-13 22:46:50.4098|0|INFO|TimeTravelAgency.Service.Implementations.TourService|Тур "test_tour" успешно создан |url: https://localhost/Tour/CreateTour|action: CreateTour|TimeTravelAgency.Service.Implementations.TourService.CreateTour
